4 0
12 0
15 0
18 0
29 0
34 0
44 0
30 0
53 0
60 0
71 0
79 0
87 0
94 0
10 1
20 1
27 1
63 1
69 1
14 2
48 2
66 2
86 2
92 2
46 3
12 4
65 4
76 4
53 2
3 5
39 5
64 5
82 5
37 6
62 6
81 6
33 7
79 7
97 7
61 8
X
78 8
0 9
24 9
39 9
92 0
X
77 9
94 9
54 10
53 11
74 10
93 11
70 12
84 4
76 12
50 5
97 12
11 1
32 13
75 13
X
30 14
3 15
52 15
61 15
40 11
67 16
81 16
83 7
3 1
92 5
75 0
97 17
1 18
X
72 18
20 9
94 19
96 19
0 20
69 20
40 0
89 20
3 21
1 23
28 8
72 0
65 23
63 10
28 25
X
80 0
41 26
47 27
45 11
X
X
68 28
X
76 14
75 28
X
83 28
87 28
1 29
4 22
20 25
98 29
90 30
54 31
2 32
57 10
49 23
X
66 27
20 32
8 34
X
X
1 35
59 35
X
X
69 35
7 26
X
16 0
X
X
88 35
48 8
6 34
40 5
17 3
X
45 0
55 23
53 36
57 24
66 36
75 34
X
X
X
4 37
X
31 0
X
X
X
57 37
X
X
26 5
X
2 38
48 13
20 38
48 24
89 28
82 38
X
29 39
88 4
X
17 35
8 7
9 41
X
X
93 3
X
82 42
31 1
30 21
73 30
98 0
X
X
1 43
X
59 25
35 9
X
30 35
52 44
0 45
27 40
75 9
63 6
28 30
44 46
X
X
12 8
71 31
47 30
X
87 17
X
X
56 46
31 23
18 43
58 39
9 17
92 44
44 5
81 3
50 18
61 46
X
50 4
X
X
69 46
43 9
77 1
X
53 40
X
28 44
14 33
73 7
X
4 47
33 43
X
15 8
X
X
49 15
98 4
74 48
X
X
76 36
64 28
X
69 48
40 37
X
X
13 17
27 29
83 48
X
79 49
X
87 40
76 42
4 2
30 42
X
5 0
46 38
62 48
X
X
X
98 14
72 8
X
37 33
65 44
56 45
23 50
50 22
X
X
X
59 26
X
65 5
X
X
X
X
X
X
38 23
25 45
X
72 33
X
X
X
X
X
88 8
68 50
75 37
14 52
X
X
X
X
7 22
X
82 46
97 41
24 43
X
X
X
X
43 47
X
95 37
37 0
X
X
11 28
17 26
98 3
7 38
X
X
X
46 17
29 29
42 43
X
X
85 32
47 18
61 52
25 20
80 14
68 41
91 50
90 21
X
X
X
51 43
X
47 32
X
4 33
98 7
X
83 29
81 45
6 3
8 16
X
48 52
2 46
X
X
70 9
X
70 23
1 9
63 52
11 53
30 51
3 25
12 18
X
X
52 2
55 0
67 3
3 6
X
30 53
X
44 53
25 34
X
1 45
9 20
69 7
X
X
X
68 26
63 54
X
X
24 20
X
9 6
59 10
50 39
X
66 51
26 48
9 2
54 0
98 11
62 38
84 7
X
54 45
63 12
20 35
47 16
73 17
11 15
X
X
77 53
76 44
X
X
74 40
15 41
X
73 21
84 22
34 35
81 53
82 0
X
89 18
X
95 48
X
X
64 1
95 29
59 6
28 40
X
X
81 8
X
46 1
57 47
X
X
X
32 54
80 34
95 12
25 19
8 37
X
44 15
94 20
15 54
7 36
2 53
26 46
47 33
X
20 46
X
40 52
96 47
X
X
73 3
X
30 16
X
67 42
X
43 50
41 54
X
X
X
X
29 34
44 40
19 15
88 0
X
X
26 52
X
X
16 17
X
42 45
X
53 29
0 12
51 2
X
X
17 9
23 1
17 1
52 25
X
63 8
X
53 43
33 52
X
X
7 27
87 23
43 34
X
66 30
84 50
93 2
X
X
X
30 31
34 15
X
X
94 35
27 33
60 28
70 45
95 15
10 18
X
69 51
16 41
45 54
X
3 28
X
31 35
X
15 39
X
80 26
59 54
X
92 27
X
11 10
39 34
34 46
X
X
X
X
85 41
21 7
98 8
58 33
17 2
54 54
X
59 23
X
X
91 19
48 40
13 4
69 36
43 7
87 54
X
89 5
X
78 1
0 55
42 1
29 55
34 11
X
83 17
22 6
52 54
X
35 31
X
82 15
29 24
X
X
36 55
90 5
X
X
41 44
X
X
X
47 40
29 9
X
31 6
51 10
X
72 4
X
23 41
X
7 21
76 41
X
41 18
X
44 1
97 21
79 23
41 23
X
X
95 0
X
3 26
X
78 36
X
59 55
X
X
28 29
X
86 38
50 34
X
9 54
X
X
34 17
X
28 18
59 4
6 4
49 2
7 13
22 43
85 5
63 42
1 11
X
26 45
43 55
X
9 16
X
53 7
X
28 1
X
36 26
X
41 11
36 7
73 24
67 38
X
93 13
X
48 11
X
43 48
X
X
X
16 12
X
98 12
81 19
X
X
X
21 14
X
4 11
X
X
30 2
X
X
X
7 41
X
82 32
X
38 6
X
X
42 3
22 8
X
41 7
49 19
96 25
21 24
X
X
X
X
80 10
87 36
40 47
98 15
X
87 16
70 55
38 55
X
34 7
X
X
68 30
X
0 51
X
25 3
63 49
22 22
52 57
X
X
89 38
63 48
X
25 4
X
X
X
X
71 46
55 4
79 47
29 56
90 43
7 52
66 17
48 7
X
X
52 8
59 41
53 56
16 48
X
X
73 29
92 30
27 10
4 6
X
68 3
54 53
98 25
20 40
X
60 57
19 20
X
X
85 40
X
6 5
36 44
82 18
X
46 16
X
91 39
X
27 22
X
9 8
57 3
X
16 8
62 37
16 16
15 5
58 6
4 31
28 46
54 48
49 50
39 43
73 4
19 42
X
86 8
47 21
X
95 2
3 16
61 56
10 8
X
X
X
30 18
X
78 56
20 17
X
X
3 9
X
X
1 52
8 2
73 25
X
26 25
2 35
34 24
X
41 49
69 31
67 44
X
53 25
X
60 35
28 7
22 21
X
X
X
95 4
46 39
58 2
14 11
26 9
36 16
X
92 6
60 47
49 51
81 1
X
X
77 4
X
X
15 48
X
76 30
73 8
98 45
57 54
X
X
X
X
X
X
87 56
X
X
X
X
X
X
X
X
X
29 10
57 2
33 13
X
51 49
X
35 45
9 36
X
80 48
75 23
X
89 12
37 55
X
X
52 42
89 37
X
X
X
X
X
20 34
X
57 32
X
9 49
45 50
68 48
X
25 50
X
X
X
X
43 38
X
2 11
X
84 35
X
84 28
X
81 47
5 40
72 39
X
X
35 38
X
2 1
9 57
44 33
X
92 16
5 21
X
56 41
35 37
X
X
70 3
X
47 29
72 2
X
14 20
X
X
97 34
X
56 54
27 8
X
X
X
64 19
X
X
52 23
74 17
12 9
5 52
95 56
71 9
X
14 47
X
X
69 24
X
12 16
12 2
67 29
X
X
X
44 56
17 51
81 30
66 6
X
X
X
37 19
89 1
91 1
X
X
X
X
X
96 23
84 40
X
X
X
X
14 57
80 49
14 37
83 57
X
38 20
20 54
X
X
5 34
X
X
55 1
37 27
X
X
46 50
X
50 51
X
X
64 45
7 19
6 1
X
2 13
26 27
X
X
X
X
74 31
71 38
17 18
27 44
X
7 53
X
X
79 38
X
X
31 3
X
70 14
43 14
X
47 1
29 8
61 11
X
0 13
69 25
X
72 31
54 47
X
4 20
X
X
73 45
X
23 55
68 52
74 29
54 24
84 29
52 48
84 9
87 5
36 43
45 7
68 44
3 11
74 39
96 50
55 10
X
22 23
91 30
33 33
X
X
X
47 19
7 6
X
X
87 11
84 2
X
X
X
X
X
X
10 12
X
41 6
48 32
32 0
90 23
47 12
X
X
X
85 11
X
91 36
X
X
X
X
38 29
14 49
12 15
52 34
24 40
66 41
19 8
13 27
X
X
62 27
55 44
X
95 45
64 56
54 56
76 0
X
92 4
X
X
24 28
38 36
X
X
X
X
76 57
X
21 27
X
75 36
28 12
90 1
40 2
27 5
76 21
16 47
50 37
24 3
X
X
40 38
38 22
71 1
35 22
24 19
X
45 12
X
X
X
10 11
23 34
X
X
X
81 7
X
28 3
X
X
69 32
X
X
54 12
35 36
35 18
32 19
X
X
X
X
18 16
X
86 29
X
26 13
26 3
92 51
74 56
5 47
X
33 28
X
X
19 25
69 39
31 20
X
67 7
X
89 55
7 12
50 50
X
X
76 1
38 12
X
36 23
36 24
59 48
X
X
X
X
96 54
49 7
60 27
X
X
71 12
X
48 17
41 0
X
77 37
X
43 49
36 28
8 8
13 45
70 52
75 35
1 10
52 20
X
0 14
X
22 52
8 4
59 46
54 20
62 39
88 7
35 51
24 34
6 29
23 11
83 6
22 2
X
8 28
77 22
22 4
X
42 9
X
X
X
63 16
X
89 41
X
X
33 25
5 49
X
88 18
X
64 42
11 12
65 53
X
X
X
X
6 35
X
74 27
5 16
55 53
16 27
80 7
X
X
X
X
91 21
68 53
X
13 29
X
X
X
41 37
X
34 33
4 12
X
X
X
98 53
40 49
X
X
28 19
68 29
X
X
X
6 16
X
X
X
X
X
48 3
X
X
10 13
8 32
58 34
54 26
36 14
44 17
34 32
X
36 20
12 35
47 39
37 22
4 4
7 1
X
32 40
X
9 50
18 3
90 55
17 25
6 14
X
39 37
27 23
91 57
X
X
71 51
97 50
12 14
15 58
X
X
83 34
X
12 20
40 55
83 14
55 31
X
X
63 24
X
X
93 39
8 13
X
X
41 21
70 36
X
78 24
X
X
47 31
44 57
74 16
X
X
X
88 13
X
X
60 6
54 25
55 7
62 41
X
38 14
66 21
68 10
92 12
X
X
X
62 28
25 54
X
X
73 55
93 14
67 53
X
11 19
X
61 28
48 6
X
4 15
X
90 45
X
34 56
48 30
1 13
X
X
15 49
18 40
6 51
X
X
X
45 10
28 34
37 30
11 57
7 49
X
16 15
58 18
X
X
75 24
22 38
95 28
26 32
X
19 58
55 48
X
38 28
52 35
57 52
49 49
21 46
60 33
X
X
X
34 26
49 29
35 0
X
X
54 2
80 57
X
56 34
26 43
X
93 21
8 38
17 27
91 5
X
59 33
2 12
57 14
X
84 32
58 52
95 55
X
X
71 37
X
X
78 37
51 39
X
25 44
79 11
X
X
35 15
X
71 50
46 36
X
74 5
94 11
X
12 41
X
10 16
13 8
X
58 56
X
X
11 36
X
X
32 22
12 33
54 6
X
9 40
X
55 34
90 40
90 44
X
X
59 52
80 25
X
X
X
X
X
96 29
32 50
96 37
47 53
16 18
X
X
X
51 35
X
X
X
77 12
37 52
49 34
X
X
98 38
X
18 34
67 31
50 33
X
15 12
X
82 49
28 41
41 41
35 32
65 45
4 41
X
76 55
36 11
70 42
64 7
76 13
35 13
X
X
X
75 43
X
96 13
53 39
40 10
X
72 53
X
71 53
5 41
48 46
71 14
X
77 28
81 36
X
45 26
X
X
X
58 47
X
46 40
20 57
13 13
49 52
9 39
X
39 15
43 5
20 23
X
X
91 27
35 29
X
X
X
12 34
X
37 7
23 45
6 41
64 41
44 25
60 40
4 26
X
34 43
X
4 27
12 53
7 56
84 25
48 53
X
X
X
50 19
27 2
15 47
57 21
41 35
45 30
X
X
54 17
X
X
25 39
X
X
20 10
25 42
X
14 9
47 11
15 2
9 10
X
45 42
X
X
15 1
10 33
37 31
41 45
81 0
63 57
8 55
18 53
X
3 39
X
X
X
77 38
X
23 39
X
X
20 33
4 44
49 4
89 8
X
X
28 33
X
4 1
X
73 32
X
71 36
65 46
X
26 7
X
23 36
36 39
66 29
X
25 56
X
X
38 41
24 38
X
X
49 53
X
30 46
X
41 17
X
44 41
X
X
X
65 38
78 18
74 55
25 52
11 55
X
27 57
11 20
24 31
X
54 27
83 47
56 14
X
98 2
37 49
76 22
58 9
10 35
72 26
35 47
X
42 25
93 35
X
72 34
81 9
51 7
43 13
X
X
X
X
73 34
X
47 56
31 42
23 44
2 10
91 23
X
83 20
50 11
5 43
X
X
X
8 31
71 47
49 30
X
58 55
X
X
X
X
X
X
X
34 47
X
51 40
X
8 54
X
18 14
X
X
52 7
70 29
52 49
6 19
65 57
55 49
46 7
21 20
7 20
38 7
60 48
64 9
39 28
X
X
X
X
61 57
X
19 13
61 0
X
X
73 0
39 55
X
X
11 9
98 35
X
79 41
X
X
39 26
6 11
39 58
81 34
X
85 18
45 34
X
68 43
71 44
X
X
29 3
X
6 33
75 10
X
X
X
X
65 33
X
22 47
91 42
X
64 29
93 42
X
7 35
X
X
30 25
X
59 53
X
82 8
X
39 20
73 51
44 11
0 56
92 37
30 20
X
X
5 3
X
22 29
17 57
57 55
X
67 52
X
X
67 46
X
21 31
X
X
X
65 39
X
25 26
X
X
12 12
82 12
39 27
X
X
68 51
22 48
X
X
65 6
14 36
X
X
X
X
89 33
39 14
X
X
37 23
25 35
13 50
X
49 24
9 11
26 21
1 47
53 19
56 55
X
X
X
62 15
63 43
5 27
22 54
X
59 56
49 33
86 13
94 45
97 2
X
X
X
X
70 54
X
28 32
32 25
X
69 37
47 55
X
28 10
X
30 24
X
62 40
19 5
73 49
X
74 25
X
X
24 41
55 12
X
X
7 39
X
77 16
86 24
X
X
6 30
22 56
X
62 49
29 57
X
X
X
X
97 22
74 7
38 44
7 14
10 54
88 27
61 37
X
28 14
12 47
53 44
X
51 53
X
69 21
X
77 31
10 46
25 6
X
X
74 0
11 18
44 9
13 46
36 27
13 7
X
X
82 56
15 35
3 40
X
X
X
71 49
41 47
73 13
32 36
X
X
X
74 57
2 18
81 26
24 29
12 44
50 55
82 3
X
X
94 38
72 32
X
X
10 55
73 5
X
X
94 39
X
20 3
X
X
X
X
X
8 3
35 43
46 47
0 47
88 16
X
X
X
68 11
X
X
X
X
22 15
90 15
85 39
49 40
22 19
51 57
X
X
38 35
X
X
X
X
32 6
72 35
X
8 52
64 11
87 30
24 30
88 34
74 2
X
6 20
41 39
30 54
X
X
18 17
37 46
X
67 23
57 26
26 42
X
X
X
90 13
46 56
87 50
X
X
X
75 29
60 54
X
X
45 36
X
10 2
93 30
83 12
78 13
X
X
X
80 31
57 22
X
X
13 20
X
X
X
21 1
X
X
X
22 45
X
27 9
31 16
96 46
96 44
96 38
44 30
66 22
72 46
X
84 5
X
91 0
X
96 0
80 56
61 16
18 56
X
7 18
4 43
X
3 54
X
44 10
31 46
48 44
X
X
X
X
X
29 31
86 14
2 28
X
X
22 17
55 47
X
X
63 46
66 18
62 57
X
34 20
X
33 34
51 33
X
4 30
X
X
88 26
15 37
28 27
X
79 30
X
X
80 32
X
46 41
90 31
72 24
X
X
X
79 33
14 48
94 13
66 52
X
X
65 9
64 57
58 14
X
X
X
X
93 16
21 16
58 3
X
38 43
78 38
29 30
68 38
X
54 42
65 28
X
X
24 18
47 57
74 9
54 41
43 8
10 44
X
X
81 14
X
X
X
95 32
70 24
78 54
49 56
81 29
X
23 15
87 55
25 18
X
X
90 33
X
29 5
2 25
X
X
X
X
96 9
24 15
91 15
X
X
93 22
X
5 17
75 22
86 32
X
X
X
55 38
48 22
63 31
X
X
50 35
X
21 10
5 28
74 36
9 51
X
22 18
0 10
X
89 0
45 15
5 30
24 33
X
X
40 17
5 50
82 23
73 53
66 32
58 23
64 55
X
24 22
39 0
29 41
X
X
2 9
43 25
X
X
X
X
X
X
X
92 38
91 46
91 25
97 54
70 4
9 15
X
X
X
7 30
X
14 50
35 17
60 18
X
19 44
X
X
X
21 19
22 9
40 13
X
87 8
98 16
97 23
86 33
X
X
X
33 23
X
X
44 7
6 47
X
91 51
X
X
X
7 54
X
X
26 37
5 5
6 56
X
X
75 16
20 13
49 35
X
X
26 47
X
X
X
47 10
X
23 6
56 36
X
46 46
X
55 36
X
93 28
5 37
26 49
40 45
X
X
X
92 14
X
39 38
X
2 26
25 29
X
38 32
X
X
18 11
X
X
X
23 16
61 38
70 30
X
32 51
66 54
36 32
55 54
98 47
X
54 51
79 2
X
53 49
11 45
X
25 38
69 52
11 2
15 11
X
60 41
92 53
X
X
5 32
X
58 41
X
X
48 51
97 45
15 4
91 31
85 43
X
36 0
X
66 10
X
X
80 5
X
X
12 43
72 21
X
X
9 48
69 41
87 45
X
X
X
92 45
X
X
22 10
X
6 55
12 54
X
17 12
X
X
96 3
10 45
45 14
X
X
X
X
X
X
X
47 49
40 3
87 18
30 32
32 14
50 30
8 56
X
10 20
74 54
20 7
X
86 30
74 30
X
82 24
92 57
21 35
68 56
X
2 54
X
24 49
X
11 21
95 46
X
90 22
95 40
X
9 44
25 55
X
95 9
12 17
X
97 15
40 57
X
36 36
43 18
8 43
X
92 35
X
X
4 19
X
9 3
96 21
68 12
X
37 56
X
X
65 12
81 56
X
66 45
X
X
X
X
X
3 34
82 6
X
X
12 23
38 48
X
X
53 21
63 37
96 33
X
3 56
20 8
88 25
X
X
X
X
X
55 26
X
X
32 37
13 15
X
X
44 18
X
63 15
X
65 18
X
X
X
22 34
X
81 12
91 26
X
1 15
80 23
X
X
X
X
58 40
57 7
X
X
74 24
21 15
X
X
X
47 8
69 9
X
X
38 19
81 23
30 50
83 46
X
65 51
26 53
44 19
29 18
95 5
45 28
59 39
81 54
X
X
X
89 56
73 31
X
18 52
18 45
75 17
X
27 31
X
X
62 7
X
X
X
X
47 13
X
X
X
X
X
X
X
X
X
36 58
X
97 53
X
53 53
X
23 3
X
85 38
49 42
28 22
X
50 17
X
X
X
X
X
13 44
79 37
X
X
X
68 37
37 47
X
59 27
X
86 19
X
X
16 50
X
71 2
61 35
X
39 48
1 58
40 35
60 55
X
43 6
97 51
X
6 25
39 50
X
17 33
48 49
37 26
X
X
54 14
78 12
9 38
X
X
X
X
X
72 7
X
69 17
25 22
X
15 7
X
19 19
31 22
25 23
39 23
38 51
82 57
44 8
25 40
28 43
44 49
X
98 33
X
65 11
82 2
X
74 49
X
X
26 55
64 17
77 33
13 53
41 1
6 7
92 42
30 8
22 58
27 30
55 25
X
X
79 40
X
2 23
1 12
32 49
87 34
18 15
79 24
90 25
11 35
36 42
76 18
71 42
X
28 21
59 22
X
X
X
X
81 11
X
X
10 14
64 37
19 10
73 19
60 24
93 40
26 23
33 29
64 43
47 17
X
22 31
52 39
79 9
64 10
25 47
X
X
X
X
X
X
X
43 22
16 9
55 40
X
X
X
86 21
X
X
X
X
X
X
X
17 58
X
X
X
38 8
13 10
18 33
X
X
52 19
X
53 48
26 26
74 20
64 40
44 16
85 30
32 48
36 15
42 13
46 52
3 35
91 52
25 32
97 3
25 25
16 10
88 45
X
38 57
62 55
X
X
X
X
X
22 5
55 55
40 24
X
5 9
7 50
X
X
X
63 40
78 10
91 37
51 22
X
X
X
5 44
X
63 11
43 24
X
36 56
48 12
X
40 22
X
62 30
X
77 54
X
48 38
15 18
X
30 57
X
X
12 40
77 43
17 49
X
X
17 41
2 29
X
X
X
90 52
75 6
X
X
X
X
X
49 44
X
X
4 53
X
35 21
X
92 39
X
55 33
X
X
42 38
X
5 26
X
82 10
66 23
X
X
X
95 53
X
X
X
16 42
45 48
X
28 51
X
X
X
67 40
X
3 31
X
X
86 11
X
X
X
90 14
13 12
X
86 46
19 33
85 17
98 42
X
X
54 57
56 4
X
49 20
59 7
X
X
29 22
X
83 25
X
72 19
X
X
X
30 47
X
6 10
X
X
X
11 43
X
63 29
44 26
3 19
37 44
X
29 19
X
X
74 1
X
54 3
X
48 36
72 28
21 54
X
14 14
47 50
15 9
X
X
36 48
94 16
43 20
20 21
73 10
24 35
X
X
39 29
X
8 27
X
X
X
85 10
66 28
81 44
82 9
X
X
X
9 18
X
34 48
19 18
X
X
71 26
6 49
6 52
88 49
X
57 28
8 5
88 42
X
75 52
X
X
26 20
79 31
X
X
X
15 16
97 36
X
X
X
71 30
57 38
38 16
48 18
X
91 6
X
51 5
26 38
X
X
89 39
X
44 24
X
X
75 50
X
54 23
50 12
35 50
X
X
34 22
X
X
18 21
23 54
13 41
8 11
X
53 16
20 19
X
95 33
X
62 26
X
28 47
X
X
X
9 22
4 5
5 1
9 32
38 21
X
X
7 37
68 49
98 21
35 41
X
22 1
X
40 53
75 49
78 50
49 36
40 39
47 36
17 23
26 36
X
29 2
X
X
27 11
95 6
14 28
X
X
52 47
54 36
X
X
29 44
X
X
X
36 37
X
59 16
X
62 29
X
38 17
X
X
61 55
4 21
23 27
X
96 2
X
98 40
6 24
X
84 33
55 22
X
56 20
21 45
83 21
X
X
47 43
42 22
X
56 0
X
X
X
21 8
53 22
57 45
X
X
X
X
28 48
X
X
68 4
94 2
15 26
X
X
X
30 6
X
21 57
96 53
39 1
10 36
X
X
X
92 7
15 42
85 33
X
15 15
X
X
86 9
X
X
X
50 54
63 30
86 34
X
X
56 15
X
7 8
X
X
25 36
77 20
83 22
48 39
X
55 24
X
52 3
56 39
74 3
X
X
21 53
X
82 55
70 35
52 38
X
X
X
5 7
X
51 30
X
10 27
96 15
75 56
X
88 54
56 32
94 56
70 37
39 19
X
X
82 1
X
X
16 22
68 55
X
X
X
X
28 23
5 14
62 12
X
70 27
37 50
30 41
97 33
12 56
X
X
97 32
72 22
22 32
32 46
X
80 21
X
X
30 19
X
X
X
24 12
X
X
67 32
X
80 9
X
X
X
X
X
X
19 21
X
97 42
91 41
45 20
3 17
23 5
29 45
35 48
X
X
X
X
97 19
51 18
X
10 25
X
85 31
93 51
X
X
87 42
X
X
25 11
90 16
61 40
X
74 34
X
X
96 42
64 38
29 33
X
57 12
X
17 56
X
X
X
80 29
59 24
78 16
65 47
11 42
X
84 47
63 45
X
X
72 3
X
X
X
X
X
23 25
24 57
20 24
67 43
19 22
X
X
X
X
78 21
X
X
X
33 45
92 41
X
77 30
X
X
X
79 8
19 46
X
10 48
X
X
X
85 7
X
X
X
46 42
83 35
X
58 42
14 21
X
X
X
37 34
4 39
X
16 5
X
X
X
15 21
X
8 17
X
86 12
32 39
35 26
24 54
X
79 12
77 40
X
11 24
49 54
93 55
X
X
58 10
X
48 29
96 30
22 35
81 21
25 28
24 52
94 10
16 25
X
80 44
X
X
X
X
14 53
54 15
X
X
73 38
80 15
X
X
81 22
4 56
47 37
50 20
49 13
34 19
95 54
53 14
64 6
X
X
17 24
X
19 9
X
X
43 33
41 20
46 44
83 2
68 31
83 56
87 57
59 3
X
17 22
5 56
X
X
66 39
88 51
0 21
70 7
X
X
X
X
5 35
7 3
X
16 21
X
28 5
36 33
X
22 53
63 56
14 24
X
97 37
X
56 47
X
89 54
33 21
50 53
97 49
X
X
X
59 2
4 42
4 7
53 54
X
X
19 52
46 4
X
78 45
10 26
96 56
X
X
94 7
45 16
X
48 47
X
83 0
40 34
X
71 25
X
54 43
X
42 39
X
77 55
65 30
X
X
X
46 34
X
X
98 13
X
70 50
17 4
X
X
X
4 17
3 18
X
X
56 53
78 33
32 26
X
X
77 34
X
X
2 48
X
19 45
72 44
X
X
X
X
X
9 45
9 58
X
24 32
X
X
31 29
87 41
X
X
21 23
94 15
34 38
X
X
83 32
9 14
X
55 56
56 5
24 24
X
X
X
2 56
21 40
X
88 46
85 53
X
81 49
49 17
X
26 18
64 46
44 32
X
X
80 20
69 44
18 8
27 53
X
91 18
85 50
84 57
X
57 56
24 27
X
X
45 8
X
X
66 8
6 43
X
94 54
X
X
X
X
32 34
X
14 25
X
12 39
X
16 53
5 31
X
92 40
X
X
X
X
66 19
X
40 20
60 37
55 41
X
14 34
2 19
25 21
X
X
X
X
X
X
X
8 35
32 47
X
95 13
17 15
X
77 44
7 25
X
X
27 32
18 25
63 26
29 51
X
53 51
X
77 32
X
38 11
36 25
9 9
X
X
16 2
84 56
65 52
83 49
96 39
17 19
32 45
81 20
97 24
54 11
X
X
77 49
51 52
X
X
X
36 31
87 31
X
X
87 15
X
X
98 46
X
X
19 24
72 45
X
48 35
X
X
10 10
59 11
65 7
45 39
54 19
19 11
18 20
71 57
4 40
9 42
55 15
X
X
0 22
57 29
X
88 14
41 58
2 14
X
90 38
X
82 52
X
X
53 27
25 37
X
X
68 17
88 31
X
85 19
93 33
X
29 23
X
85 24
5 2
6 44
X
4 52
87 12
X
X
X
97 27
X
37 28
41 36
6 38
41 13
85 23
X
X
X
23 31
X
86 40
19 41
13 36
31 50
X
X
X
33 32
21 38
7 23
44 47
69 4
66 50
69 6
X
76 2
42 49
97 55
95 26
8 42
X
X
48 55
X
10 40
11 34
X
56 25
X
61 24
8 15
X
78 32
47 15
20 18
3 51
27 49
X
18 2
X
X
33 31
X
16 56
X
X
X
70 43
X
40 6
88 23
X
X
X
62 46
56 6
X
5 8
X
70 56
74 33
X
94 34
95 49
97 0
68 39
X
X
X
19 23
X
X
X
88 56
X
94 25
7 5
44 13
X
X
8 20
X
92 13
76 49
67 9
93 31
X
52 24
10 28
X
X
X
X
90 35
X
X
31 36
33 47
X
12 49
27 12
X
54 40
63 17
66 43
86 7
17 11
X
5 25
22 33
X
3 29
X
X
X
X
88 11
X
X
X
X
6 6
40 41
X
X
X
85 44
X
73 57
X
64 3
43 56
X
19 34
74 4
X
5 13
21 56
X
21 47
X
23 13
4 25
X
60 16
X
57 25
53 13
56 10
X
55 51
29 35
45 19
37 12
42 50
31 55
X
24 56
X
72 36
71 28
90 54
56 57
X
64 44
39 35
16 29
59 17
X
95 24
47 51
X
45 13
64 25
X
68 32
X
X
X
X
X
85 54
X
X
X
42 42
X
X
X
10 41
X
X
90 50
75 38
79 21
X
55 57
X
93 29
86 20
24 42
72 51
47 44
47 48
55 16
72 52
X
X
57 57
29 49
54 28
12 22
46 13
73 27
X
33 39
7 32
X
98 54
X
X
1 51
X
X
46 45
23 33
X
84 24
X
78 22
X
47 47
67 21
25 33
28 31
46 5
X
32 55
42 37
7 15
X
X
94 43
X
6 9
X
39 16
X
73 23
77 52
38 13
X
X
X
X
X
77 35
36 47
X
85 9
57 6
22 39
X
45 56
49 27
16 11
51 17
84 36
X
X
10 39
X
X
65 34
72 9
93 32
X
76 19
6 8
35 42
5 19
X
X
66 42
X
2 57
78 4
25 17
73 46
17 55
55 45
32 23
X
16 52
X
94 14
50 2
X
27 15
39 49
X
79 28
92 56
X
85 6
44 39
61 9
32 16
X
X
X
X
46 30
36 46
25 49
25 58
40 7
X
X
91 53
X
X
80 12
34 25
41 9
90 56
31 19
69 28
X
28 9
34 18
X
83 5
X
25 48
67 47
X
32 21
X
X
83 1
35 46
X
8 39
69 57
82 19
X
61 23
67 5
86 22
X
X
95 38
X
X
56 48
X
5 48
X
66 26
66 53
X
X
X
35 56
X
X
15 24
X
X
67 17
91 35
X
93 56
X
X
X
41 12
73 14
65 10
X
X
92 3
X
90 37
89 32
82 51
X
X
14 3
11 37
72 57
X
94 29
48 27
57 9
27 3
X
43 39
92 20
13 48
X
9 37
X
94 23
X
16 40
X
0 48
X
X
X
26 33
42 12
88 43
50 23
X
X
X
X
16 14
5 12
X
X
X
X
14 55
X
8 46
X
68 16
X
X
88 57
22 41
X
X
40 56
4 45
X
35 40
X
26 15
65 56
86 15
12 27
90 20
77 15
X
30 33
X
X
X
33 14
52 45
83 4
37 37
4 28
83 9
18 57
93 34
6 50
X
X
38 46
X
33 49
62 36
76 15
X
73 36
X
16 24
X
X
43 36
53 41
28 52
30 45
11 26
79 39
31 38
X
54 13
X
X
X
93 20
74 35
95 11
2 58
97 4
1 0
49 11
X
76 34
X
X
X
51 8
X
X
79 56
X
86 31
68 22
69 23
44 34
98 9
18 18
62 31
50 21
39 39
X
X
X
64 27
13 22
86 56
13 24
43 29
83 13
29 26
X
X
34 39
X
67 54
X
75 1
53 4
X
X
50 45
16 54
X
45 17
74 6
X
89 44
86 43
X
37 51
45 44
66 3
X
24 39
94 12
92 43
X
51 3
X
92 55
95 27
20 22
84 34
X
X
58 38
51 56
72 10
76 25
X
X
X
X
31 41
0 52
54 49
11 13
12 37
45 46
51 19
X
X
49 39
16 13
X
X
X
63 3
84 19
88 17
X
63 9
X
3 45
48 41
35 11
X
X
78 23
X
34 52
35 23
24 47
65 40
57 31
7 55
61 2
79 29
87 29
X
26 6
X
69 3
X
X
26 44
X
46 49
X
83 23
87 6
42 47
X
59 28
X
78 11
37 25
X
82 26
X
X
X
96 1
42 44
91 14
57 11
68 21
58 45
87 51
46 55
X
36 21
37 13
X
50 52
X
53 52
X
X
30 10
73 9
98 30
19 40
X
X
X
22 11
X
1 14
92 19
98 18
61 25
X
40 40
X
65 41
88 15
87 4
28 26
54 4
42 19
8 22
X
95 43
66 47
X
45 47
X
X
21 55
82 17
X
14 56
15 51
7 40
X
X
X
38 34
2 50
X
X
X
58 15
21 25
X
46 12
17 28
X
X
10 29
97 26
21 13
18 13
33 48
16 57
X
83 16
21 3
84 8
X
12 13
9 56
7 51
82 50
X
43 30
X
32 17
43 35
20 15
X
46 11
86 4
50 56
X
96 40
49 18
80 13
89 34
X
18 29
74 37
63 28
16 7
X
48 19
X
52 50
15 13
X
83 33
X
X
X
X
X
X
69 47
X
29 6
28 2
X
X
6 48
97 47
7 11
57 41
X
72 25
X
37 20
X
15 55
X
95 57
X
X
X
X
52 29
26 24
X
55 39
X
X
X
50 47
X
19 35
87 33
38 25
44 20
47 14
X
X
X
64 39
X
X
X
X
X
66 33
X
75 48
36 41
X
X
2 30
10 23
5 15
65 19
25 27
6 12
X
X
97 56
59 15
44 31
X
X
77 2
X
12 36
X
17 8
X
10 42
X
27 42
96 27
X
X
69 49
X
13 38
12 21
18 10
29 32
X
45 21
60 39
45 22
57 5
23 4
34 40
76 17
X
34 57
19 6
X
37 15
X
71 13
X
68 23
8 26
43 11
67 2
91 55
42 15
X
X
X
35 7
30 1
60 25
38 30
39 46
X
50 24
X
X
20 51
23 42
X
53 42
55 27
57 20
85 42
X
29 47
X
5 45
79 16
49 3
25 57
X
63 55
73 18
33 35
X
47 9
13 47
69 2
X
56 1
X
X
X
1 57
X
X
X
X
X
4 13
66 48
X
62 24
X
85 22
15 33
49 37
75 40
X
11 11
55 14
X
75 53
X
80 24
71 8
66 20
X
56 28
19 17
59 45
X
14 39
45 32
8 48
X
66 55
74 51
X
X
54 52
72 42
33 36
92 23
6 23
37 41
97 1
63 18
X
X
96 55
89 35
56 12
40 19
X
14 12
88 55
X
X
18 35
35 28
X
X
X
54 44
87 22
X
38 53
72 29
26 54
X
16 58
56 43
71 29
5 53
29 25
66 5
X
89 57
90 18
1 46
28 15
35 25
80 55
X
50 29
51 24
39 54
62 23
82 53
87 37
X
X
X
28 53
28 4
X
X
X
73 22
62 10
X
50 6
97 46
37 11
X
X
82 35
78 44
12 30
X
X
X
55 20
64 18
73 39
79 13
79 22
X
74 50
X
41 15
X
86 10
53 20
25 24
88 33
X
X
X
X
X
96 51
14 5
41 40
41 27
X
72 12
89 45
84 38
89 51
58 22
29 28
26 4
X
X
X
X
X
11 58
X
X
X
38 45
X
X
36 57
15 6
13 25
75 7
95 31
X
X
X
53 6
X
47 38
X
X
X
X
4 24
X
X
4 16
50 43
43 10
15 20
X
5 6
89 40
84 37
X
56 3
X
X
34 14
55 21
94 6
45 51
X
43 3
X
30 52
X
73 1
X
72 38
6 28
40 15
X
X
X
X
X
71 43
X
X
7 48
39 25
X
X
11 25
78 17
10 43
X
14 4
84 20
X
X
X
14 29
X
X
69 50
84 39
87 32
X
X
55 43
63 27
X
X
43 54
X
X
7 33
X
74 43
81 24
X
X
X
6 27
X
51 21
X
X
X
X
14 15
X
X
42 20
6 32
16 34
47 41
94 36
X
X
9 43
X
X
X
93 23
52 10
X
X
X
X
X
56 22
X
X
78 28
87 14
X
X
X
78 19
X
91 45
88 22
X
63 41
89 23
X
X
30 34
X
96 43
X
89 50
X
X
X
4 23
65 50
X
85 36
20 52
X
52 4
67 50
X
93 53
20 56
38 47
55 50
38 49
X
X
X
X
X
X
77 3
X
73 26
X
45 55
X
X
X
X
X
18 26
76 16
46 54
4 29
X
X
X
X
15 40
48 34
85 8
5 29
62 56
X
X
44 36
X
93 24
76 54
91 43
65 37
32 24
64 2
X
X
X
X
X
X
77 14
X
72 50
74 32
X
X
71 54
X
42 16
X
83 24
X
X
X
X
X
60 1
82 47
X
X
95 44
X
78 46
32 15
X
29 21
53 47
84 18
24 21
56 38
27 28
X
X
X
X
X
73 37
X
X
X
44 29
48 14
X
X
X
93 43
27 7
32 28
66 31
12 10
79 44
4 10
X
41 24
62 11
X
X
23 12
60 2
X
X
X
40 50
52 22
11 23
58 53
41 5
41 55
X
X
35 57
14 17
X
X
29 52
X
19 54
X
23 29
X
67 37
39 36
X
X
X
X
70 49
32 20
X
42 17
92 36
X
X
90 42
X
6 15
39 22
X
12 48
X
72 56
21 22
56 51
X
72 20
6 39
54 7
32 18
74 46
51 23
X
14 35
X
X
71 33
25 43
4 32
X
40 16
X
84 12
50 40
59 37
X
X
X
X
69 29
50 57
8 14
21 30
67 51
93 54
63 23
X
X
48 23
84 13
89 13
94 4
X
X
32 38
33 37
40 42
X
80 2
46 10
28 45
10 22
98 49
97 39
X
8 51
2 51
3 24
53 3
X
X
37 53
X
84 16
54 18
76 40
30 56
93 36
57 4
X
90 34
X
19 14
81 31
X
73 44
26 22
3 23
16 49
X
58 24
37 35
40 44
18 41
X
17 42
X
89 16
11 40
35 27
89 36
94 57
56 8
X
X
X
X
X
17 10
61 54
89 31
61 17
23 58
X
X
X
79 50
X
88 50
30 9
47 45
31 31
81 33
98 1
63 47
X
X
15 14
X
X
X
9 47
79 32
X
43 2
73 50
89 24
81 2
X
57 44
X
X
79 57
50 13
92 54
77 41
X
X
23 56
13 37
44 35
51 20
82 16
X
X
15 56
78 3
89 25
26 39
52 5
X
91 54
X
X
X
9 55
23 23
X
X
14 58
94 22
12 38
30 23
47 35
X
22 16
X
X
79 55
71 55
X
59 18
87 19
X
15 57
X
X
X
57 40
34 45
X
42 2
36 22
50 49
81 46
87 2
55 28
1 55
X
X
29 20
89 17
31 47
X
X
6 37
98 32
48 15
39 6
19 51
X
24 55
66 7
11 46
X
X
X
6 54
41 19
77 42
X
X
62 17
9 21
22 14
79 17
X
18 44
89 42
X
23 30
21 11
X
X
X
X
22 46
X
X
91 13
65 43
X
X
X
X
X
X
X
X
X
X
X
5 18
85 56
10 9
91 38
8 44
X
89 22
X
51 42
X
X
93 37
98 26
39 2
X
39 33
92 31
X
93 41
X
X
X
79 19
57 46
34 36
24 13
47 20
X
X
X
X
24 58
79 36
X
X
41 46
8 53
X
22 40
X
X
24 11
X
X
50 3
56 23
26 29
X
85 13
X
X
X
34 37
X
X
X
72 55
X
X
X
70 38
62 16
46 53
37 32
89 15
61 48
X
X
X
8 45
73 42
12 24
10 19
72 43
0 57
36 29
X
53 24
X
30 4
X
97 9
90 53
X
X
X
21 9
X
X
X
14 38
X
12 19
73 56
X
98 17
X
39 56
41 50
94 28
X
X
X
42 23
13 21
33 46
72 40
86 36
20 44
70 47
X
X
30 40
16 28
29 46
X
3 55
X
44 14
44 42
X
X
X
48 33
X
X
56 44
91 40
X
68 40
48 48
45 29
X
X
X
83 8
X
X
27 47
X
75 25
96 48
X
30 17
X
98 24
X
64 8
46 20
15 22
26 14
X
X
74 23
51 27
91 24
X
X
95 23
1 56
2 55
X
84 23
X
15 50
X
X
X
55 2
4 34
46 15
X
18 54
X
X
45 35
16 33
21 41
X
42 57
95 25
86 35
86 44
54 39
39 31
X
X
10 56
44 28
38 26
X
23 28
X
X
49 41
40 46
X
25 46
78 55
27 27
0 53
80 28
X
X
84 14
6 2
X
X
13 39
X
X
X
34 27
X
51 6
14 54
X
49 8
76 43
79 1
92 33
27 52
77 48
20 30
X
33 19
X
53 1
X
30 29
34 21
12 11
X
3 22
73 33
76 29
X
X
X
41 2
35 24
8 18
60 3
73 52
16 3
X
X
21 33
X
53 15
40 36
70 41
46 35
47 24
93 7
11 16
45 18
94 32
27 13
X
57 42
X
X
X
45 1
82 22
30 48
77 10
X
X
57 53
61 27
X
X
31 18
67 10
X
75 57
35 20
X
31 56
X
14 27
89 49
12 28
23 32
27 48
X
30 28
54 16
19 7
86 45
37 1
X
0 11
X
19 16
X
X
95 30
X
76 35
X
X
80 11
X
92 15
X
X
79 45
54 37
23 20
X
X
10 47
X
93 5
33 51
X
X
79 34
X
X
X
28 16
41 43
26 35
73 54
X
48 16
17 29
X
X
X
X
85 34
96 22
X
X
X
X
72 49
75 8
X
X
15 3
X
X
13 26
95 1
X
X
46 8
92 28
80 3
X
X
17 50
23 40
29 48
78 47
45 49
X
15 38
91 33
X
X
18 42
X
3 50
X
20 11
6 53
X
31 17
8 21
7 17
59 57
95 41
26 34
X
X
46 14
X
52 40
39 32
50 27
X
95 36
62 35
60 23
X
34 51
80 33
31 33
X
X
22 55
15 52
70 48
4 35
82 33
45 33
X
50 41
X
43 57
37 14
X
94 5
42 14
94 31
27 43
X
69 5
65 54
21 34
X
55 52
52 30
39 10
X
20 2
2 24
X
53 37
X
X
13 49
46 28
X
46 9
62 50
15 25
14 8
83 10
X
31 21
11 17
79 46
88 52
38 42
82 7
X
52 46
23 21
64 26
10 34
X
84 21
X
81 55
X
X
X
9 33
37 48
62 8
45 31
X
70 57
X
X
X
X
54 22
81 28
X
X
X
4 38
64 24
X
X
X
X
X
X
8 23
70 13
66 57
X
46 43
83 39
19 56
X
46 19
81 13
X
32 29
31 48
33 27
95 3
X
X
24 46
X
X
X
98 10
87 20
X
9 46
45 27
68 25
31 34
X
X
X
36 17
3 38
X
X
97 13
X
X
23 43
14 10
51 38
X
X
36 19
67 4
93 15
X
X
X
85 29
0 58
X
87 24
X
63 44
61 10
X
27 4
X
56 11
X
16 26
X
97 48
39 18
X
90 41
X
X
X
20 39
X
71 56
22 7
X
X
45 52
66 56
69 8
X
X
X
56 7
X
80 4
79 20
39 47
23 38
70 21
58 17
60 22
52 16
X
49 5
85 37
38 50
61 49
79 4
X
42 21
X
3 52
X
96 14
78 52
60 36
48 28
16 1
20 16
X
32 35
42 18
X
65 29
2 34
21 58
11 30
18 6
X
X
X
X
X
24 25
X
X
13 28
X
75 44
X
X
31 40
45 45
X
3 53
95 42
X
X
X
X
53 57
X
75 45
43 32
X
5 22
X
10 24
X
28 13
43 31
X
13 34
X
21 44
28 20
67 8
91 7
66 9
9 19
X
78 29
51 29
X
26 11
X
X
X
14 13
X
X
X
66 46
X
30 5
88 32
11 29
52 9
X
46 51
97 40
X
78 34
86 6
X
27 46
X
X
X
36 38
5 11
87 9
50 46
32 33
X
X
X
41 42
X
X
X
46 31
X
X
37 58
89 14
65 42
30 55
89 43
71 48
X
X
8 29
48 37
96 41
X
X
69 54
X
X
X
47 22
44 55
13 18
94 53
X
X
X
X
X
X
49 55
2 52
X
24 45
53 12
78 9
X
35 58
X
X
88 36
X
X
71 27
76 50
69 26
44 27
X
X
17 13
47 42
41 14
10 15
X
X
97 38
X
X
23 8
20 45
52 41
20 4
57 39
60 17
77 36
29 1
18 1
53 38
15 19
7 9
X
16 55
98 43
13 54
X
28 17
83 18
54 29
97 8
11 14
X
X
43 21
X
X
X
X
X
X
18 22
X
X
64 48
51 41
X
53 26
84 17
X
X
78 20
15 28
X
2 45
91 22
X
X
3 33
X
X
37 21
X
X
85 28
40 18
84 10
40 1
X
X
43 23
26 10
14 16
47 23
X
X
58 16
X
X
82 40
67 24
49 16
25 41
63 2
X
97 44
34 23
X
X
X
92 21
X
X
X
X
X
X
X
X
X
44 6
X
20 20
38 18
86 23
X
X
X
X
X
X
X
5 39
72 30
X
X
58 11
90 24
51 9
X
88 12
24 17
88 6
X
4 55
74 19
X
X
X
70 5
73 20
X
X
X
X
82 34
X
X
X
X
4 54
31 8
63 19
44 21
24 50
X
X
X
76 56
27 6
92 34
X
X
X
X
X
56 26
X
96 24
68 47
96 10
X
19 43
74 18
X
34 58
49 21
8 25
X
X
X
81 17
55 6
X
X
67 25
X
X
54 50
2 47
X
73 2
X
X
X
41 8
80 8
X
54 32
X
26 31
X
X
18 12
23 19
X
53 46
X
X
X
X
39 52
6 46
65 31
79 54
X
45 53
X
X
23 53
X
81 57
X
X
X
X
X
77 50
X
16 6
X
51 48
X
X
X
49 22
94 3
X
X
29 40
74 41
X
X
23 24
5 38
X
86 55
X
39 30
X
69 30
70 6
X
X
49 38
42 6
11 39
X
58 43
80 36
X
X
82 39
X
X
X
82 21
45 41
89 6
71 35
76 20
X
X
X
X
X
56 49
X
45 5
X
X
78 2
31 28
75 55
3 49
X
35 14
X
53 50
9 23
34 31
57 27
3 7
47 54
2 27
56 2
34 49
X
X
8 19
63 53
X
72 54
42 56
83 3
76 38
52 33
X
84 6
18 9
X
X
41 3
68 54
62 47
16 35
X
X
X
X
X
X
27 20
X
X
5 42
X
12 45
X
X
X
59 47
X
26 50
57 43
61 41
93 38
23 52
90 12
23 18
X
12 29
X
1 24
X
59 29
24 4
X
X
X
33 15
47 34
17 34
53 23
64 12
87 13
72 37
80 46
X
X
X
96 20
33 55
3 57
X
X
84 52
X
X
22 12
X
49 46
X
X
X
46 29
40 48
X
X
X
33 24
65 32
X
1 53
X
X
38 56
X
95 10
X
56 56
X
6 22
13 11
X
97 25
38 52
X
X
18 55
30 36
33 20
X
67 48
90 36
18 7
X
49 28
34 55
X
71 24
85 55
58 46
48 42
X
11 49
52 53
X
42 58
X
2 33
4 48
X
X
34 50
87 53
X
31 45
91 56
1 44
X
32 32
50 36
X
90 57
X
24 16
13 56
34 13
X
38 27
X
X
X
X
53 5
X
80 50
X
51 54
59 36
X
50 38
10 3
21 12
X
X
X
29 43
77 29
X
X
25 7
50 42
82 13
79 3
66 4
X
57 13
X
94 33
X
82 14
96 28
12 42
X
X
97 10
X
X
41 56
82 54
15 17
X
48 21
32 42
88 44
X
X
X
66 24
X
X
X
25 31
X
98 44
58 37
X
X
X
8 36
X
26 8
94 24
X
26 40
25 5
X
71 10
X
70 22
21 42
11 27
X
66 25
X
X
54 46
3 58
37 17
X
X
X
X
X
X
43 16
35 33
X
21 43
X
48 20
34 34
55 29
13 19
89 46
98 39
23 22
44 38
61 39
21 39
X
X
X
26 30
X
X
37 45
X
23 57
18 58
X
87 1
51 47
X
X
90 32
X
X
28 28
81 10
78 30
12 55
X
37 43
8 9
X
70 10
89 52
X
54 5
19 12
X
X
X
X
86 5
19 53
X
20 28
11 47
49 47
69 56
X
X
13 55
9 35
16 19
67 30
X
X
X
X
6 13
58 32
93 4
83 50
14 26
22 20
65 55
X
X
X
75 54
X
5 4
4 9
97 20
X
X
X
X
23 17
86 52
50 8
X
X
40 33
23 26
21 52
X
X
X
X
84 3
24 48
33 22
8 6
X
X
X
11 48
X
64 47
X
X
72 13
56 21
37 42
61 1
X
X
49 45
16 4
66 44
91 12
58 25
3 10
X
X
6 36
X
7 16
72 1
X
X
X
X
X
X
X
X
45 25
25 12
X
42 48
X
8 10
13 9
X
X
88 3
X
X
6 45
X
70 28
22 57
X
X
37 29
30 22
98 22
76 51
X
42 11
40 51
96 31
0 46
X
32 1
43 15
X
88 24
29 36
17 48
X
X
43 17
52 17
X
7 46
X
20 29
93 12
X
16 51
90 39
55 13
X
24 44
13 35
21 4
X
X
X
93 6
98 41
X
24 37
X
X
9 26
48 54
X
X
X
X
55 11
94 30
X
X
69 38
X
9 12
35 8
X
56 24
X
X
X
46 48
81 50
75 32
X
X
58 31
X
X
70 26
46 37
47 46
63 36
X
X
X
36 51
94 21
24 23
X
74 38
98 48
10 57
X
10 58
75 31
X
X
X
72 48
X
50 28
X
X
X
X
31 37
X
36 40
X
37 16
20 43
44 22
X
72 27
9 34
17 52
X
89 26
43 19
X
98 34
46 32
7 28
X
37 57
X
33 50
83 19
X
78 53
X
X
40 14
7 29
20 53
27 45
10 49
72 14
X
X
18 51
X
43 58
X
11 41
41 22
7 47
48 57
X
93 57
X
X
81 18
X
X
X
33 42
19 55
69 40
30 44
60 26
X
X
X
34 28
37 18
X
40 32
77 46
1 30
51 55
74 45
X
56 27
X
X
84 51
91 4
12 6
47 6
33 11
73 16
X
33 26
12 1
1 27
20 27
43 28
30 30
75 30
70 31
54 21
X
59 38
X
X
82 20
X
13 40
70 8
X
8 41
X
90 0
26 41
6 42
X
73 43
22 44
X
X
39 44
8 49
87 49
0 50
4 50
X
68 24
X
43 53
69 53
X
X
X
77 56
19 57
58 57
X
96 57
X
92 22
18 59
13 59
47 59
53 59
64 59
X
73 59
13 33
94 59
24 26
97 59
X
X
42 7
9 60
X
29 50
43 59
X
96 26
96 36
27 60
40 60
X
44 60
37 36
44 48
14 19
52 60
X
67 39
5 61
11 61
13 61
44 58
53 61
X
X
79 61
83 61
18 62
17 20
33 38
X
X
X
X
77 13
X
20 62
35 62
43 62
11 59
X
X
11 8
8 30
X
50 62
65 62
X
89 62
42 63
54 63
27 21
X
40 23
67 63
X
X
51 51
90 63
1 64
86 54
93 27
15 64
27 64
41 48
17 6
95 39
66 40
33 64
46 64
74 64
X
95 64
52 6
24 59
X
X
X
X
18 65
34 65
53 65
61 65
7 2
23 35
65 65
3 12
32 2
30 37
51 34
80 65
5 51
20 55
84 65
90 65
81 25
33 66
80 47
X
37 66
59 66
66 66
73 35
76 66
81 66
X
77 47
X
15 34
X
9 67
X
61 47
41 67
50 67
X
77 67
X
X
X
65 17
83 67
X
X
97 67
X
0 68
60 53
33 17
X
0 69
74 8
X
X
1 68
X
29 68
X
X
X
38 68
69 68
X
98 68
22 13
X
X
70 44
74 53
4 69
X
11 69
14 69
X
X
36 62
52 18
20 58
22 69
56 69
65 69
77 69
57 51
93 69
20 70
X
47 70
46 33
67 70
71 70
90 70
92 70
94 70
3 30
83 38
4 71
X
X
55 19
X
15 71
X
18 71
X
10 32
X
48 56
85 52
31 71
27 58
83 26
86 42
86 3
42 10
59 71
22 42
76 71
98 71
62 9
X
36 45
1 72
62 25
11 72
39 53
47 28
45 37
X
56 42
88 5
20 72
X
23 72
27 34
38 31
28 72
X
48 45
X
44 37
36 72
50 7
50 72
X
64 72
69 72
72 72
87 35
75 72
54 38
19 73
X
26 73
24 53
X
X
52 73
57 73
82 73
29 37
7 10
5 74
27 74
53 74
X
X
29 42
67 74
56 52
18 75
X
78 14
0 15
23 75
X
X
82 48
X
29 75
41 75
10 37
63 75
X
79 75
X
X
4 76
26 76
90 76
13 77
17 17
15 77
21 2
82 74
37 77
X
40 77
48 77
23 37
61 77
67 77
X
10 17
X
94 77
91 63
X
X
95 14
26 78
42 78
94 37
X
61 29
76 78
84 78
X
93 78
98 78
13 79
X
50 79
38 1
55 79
78 79
7 80
X
X
69 55
X
X
19 80
11 56
95 78
28 80
98 51
65 49
18 27
53 80
70 32
58 26
58 80
26 28
80 30
X
4 49
X
68 80
67 57
94 55
70 80
X
X
X
80 1
60 56
85 80
70 20
87 80
X
16 81
86 18
29 81
67 81
27 82
70 46
83 40
X
87 38
X
X
X
39 82
14 7
X
82 31
42 5
X
96 49
45 82
78 35
40 25
87 44
55 82
X
78 82
5 10
28 50
X
88 41
54 83
66 83
69 83
86 83
88 83
X
94 83
6 84
10 84
17 84
24 84
79 84
48 85
55 85
58 85
X
47 7
60 85
94 27
50 48
81 85
17 7
67 22
77 51
87 85
X
6 85
2 86
11 86
40 9
52 51
2 0
43 37
X
X
X
13 86
2 59
X
30 86
36 86
95 70
51 86
X
X
54 86
73 86
97 43
67 41
83 86
75 33
5 87
X
X
X
X
X
X
X
33 87
X
13 87
37 87
5 33
X
56 87
X
41 38
74 87
76 87
79 87
14 88
44 54
X
X
X
34 88
36 88
X
55 88
62 88
13 89
61 53
61 89
72 89
77 89
84 79
96 89
39 68
39 17
35 39
78 15
X
5 90
81 48
X
X
52 52
X
X
23 90
20 73
67 26
8 47
34 41
X
X
76 23
X
X
27 90
51 25
X
39 90
44 90
54 90
57 90
65 90
58 54
69 90
8 91
11 91
58 4
X
15 91
90 46
17 91
52 91
75 91
X
77 91
93 91
26 12
90 17
16 92
86 37
31 92
15 27
35 92
30 15
X
X
X
37 92
41 92
59 92
X
28 57
X
77 21
44 50
74 92
88 2
49 14
X
X
48 60
80 92
91 92
71 32
33 18
X
94 92
97 92
8 93
10 93
78 31
48 31
62 93
X
76 93
X
4 94
76 28
6 26
X
X
X
X
86 53
55 46
63 38
6 94
7 4
35 10
64 49
80 54
17 5
21 94
24 94
X
43 94
35 19
56 94
X
80 22
41 57
X
83 94
0 95
X
61 36
22 95
34 95
42 95
70 95
21 28
73 95
X
46 18
8 96
36 73
15 96
79 5
4 3
55 32
17 96
X
X
51 4
31 39
X
54 58
24 95
44 96
X
24 75
17 40
59 96
64 96
X
98 31
X
94 44
X
65 8
X
23 7
13 16
1 48
27 83
96 11
57 34
81 96
X
X
36 52
1 97
5 97
21 72
X
62 51
12 7
29 97
39 97
X
0 98
6 98
74 21
85 25
19 71
10 67
67 45
X
14 18
30 26
27 78
27 98
82 25
39 57
30 98
X
X
38 0
65 48
X
68 98
76 53
91 98
X
X
X
X
X
31 2
X
28 91
X
X
X
X
X
X
X
X
X
X
X
X
X
X
77 17
X
42 36
X
X
24 36
32 31
X
X
92 92
38 58
20 42
31 57
X
55 5
X
X
X
X
91 20
X
X
58 7
79 10
X
X
9 25
31 93
X
45 24
X
X
X
61 26
X
X
X
91 16
63 7
X
X
52 56
X
X
X
10 21
60 86
X
11 54
X
X
X
71 34
X
63 25
68 42
X
X
X
7 7
X
X
X
X
X
90 26
12 25
23 47
X
X
X
X
X
X
X
X
X
47 60
87 46
X
87 7
3 27
X
X
85 20
X
35 63
X
13 14
X
X
X
X
28 83
95 47
X
X
X
X
X
X
X
X
X
12 46
56 29
X
X
71 52
X
6 40
X
59 40
28 78
X
X
X
18 19
6 90
5 20
X
X
41 10
X
X
X
X
X
X
X
X
36 50
X
38 33
X
X
47 52
X
3 32
X
28 42
X
X
8 50
X
8 57
X
75 21
X
X
45 43
27 39
54 1
X
X
X
X
X
36 30
53 45
X
21 21
X
X
32 41
X
X
30 43
21 17
X
X
X
X
49 12
X
X
42 24
X
X
53 17
X
X
60 71
17 16
X
X
63 76
X
85 51
X
22 30
X
X
X
X
X
X
39 51
X
X
31 26
8 12
X
X
X
X
X
X
81 86
72 47
X
X
X
51 50
X
X
X
X
25 30
X
84 1
27 91
X
11 22
X
21 29
87 43
X
X
36 49
X
X
X
40 12
25 53
X
X
X
X
56 33
X
X
23 2
2 49
X
X
71 7
79 15
X
39 45
86 41
X
39 21
X
X
X
95 65
X
X
29 4
45 40
X
X
X
83 95
X
X
4 51
X
X
56 9
X
57 23
35 49
X
95 77
X
X
X
X
X
46 21
X
X
39 11
X
X
X
15 53
X
X
X
X
90 51
X
X
75 46
18 5
57 33
X
X
X
X
18 28
X
X
48 50
X
89 53
X
5 55
8 40
88 28
X
X
27 41
60 29
X
17 14
X
1 19
96 32
91 34
X
11 33
X
61 85
X
X
X
76 24
85 16
98 50
X
27 14
X
43 1
20 41
X
X
87 3
69 22
X
X
X
79 14
X
53 18
31 94
X
X
X
X
X
X
X
X
75 51
66 34
30 39
X
X
74 22
X
X
X
X
X
X
X
X
91 44
X
X
X
X
X
X
85 35
X
77 45
15 10
63 35
X
X
31 25
X
X
X
X
X
X
97 57
X
X
X
80 45
13 23
X
X
X
X
80 93
94 46
X
X
X
X
31 86
X
X
X
52 21
32 3
X
X
X
49 57
X
X
24 6
X
X
X
X
X
66 37
X
56 31
77 24
X
25 84
X
28 58
67 55
X
X
X
17 54
X
X
6 21
31 32
X
38 37
X
X
10 68
28 49
X
X
58 21
20 14
53 28
X
X
87 52
X
X
X
X
X
X
X
X
X
96 45
88 53
28 74
